{"/home/travis/build/npmtest/node-npmtest-passport-facebook-token/test.js":{"path":"/home/travis/build/npmtest/node-npmtest-passport-facebook-token/test.js","s":{"1":2,"2":2,"3":2,"4":2,"5":2,"6":2,"7":2,"8":1,"9":2,"10":2,"11":1,"12":1,"13":1,"14":1,"15":2,"16":2,"17":2,"18":2,"19":1,"20":1,"21":2,"22":2,"23":2,"24":1,"25":1,"26":1,"27":1,"28":1,"29":1,"30":1,"31":1,"32":1,"33":1,"34":1,"35":1,"36":1,"37":1,"38":1,"39":2,"40":2,"41":1,"42":2,"43":2,"44":1,"45":2,"46":2,"47":1,"48":2,"49":2,"50":1,"51":1,"52":1,"53":1,"54":1},"b":{"1":[2,1,1,1],"2":[1,1,1,1],"3":[1,1],"4":[1,1],"5":[1,1],"6":[1,1],"7":[1,1],"8":[1,1],"9":[1,1],"10":[1,1,1],"11":[1,1],"12":[1,1],"13":[1,1],"14":[1,1],"15":[1,1],"16":[1,1],"17":[1,1]},"f":{"1":2,"2":2,"3":2,"4":2,"5":2,"6":1,"7":1,"8":1,"9":2,"10":2,"11":2,"12":2,"13":1},"fnMap":{"1":{"name":"(anonymous_1)","line":12,"loc":{"start":{"line":12,"column":1},"end":{"line":12,"column":13}}},"2":{"name":"(anonymous_2)","line":19,"loc":{"start":{"line":19,"column":5},"end":{"line":19,"column":17}}},"3":{"name":"(anonymous_3)","line":23,"loc":{"start":{"line":23,"column":24},"end":{"line":23,"column":36}}},"4":{"name":"(anonymous_4)","line":61,"loc":{"start":{"line":61,"column":5},"end":{"line":61,"column":17}}},"5":{"name":"(anonymous_5)","line":82,"loc":{"start":{"line":82,"column":5},"end":{"line":82,"column":17}}},"6":{"name":"(anonymous_6)","line":91,"loc":{"start":{"line":91,"column":77},"end":{"line":94,"column":10}}},"7":{"name":"(anonymous_7)","line":112,"loc":{"start":{"line":112,"column":83},"end":{"line":115,"column":10}},"skip":true},"8":{"name":"(anonymous_8)","line":123,"loc":{"start":{"line":123,"column":77},"end":{"line":126,"column":10}},"skip":true},"9":{"name":"(anonymous_9)","line":139,"loc":{"start":{"line":139,"column":12},"end":{"line":139,"column":40}},"skip":true},"10":{"name":"(anonymous_10)","line":147,"loc":{"start":{"line":147,"column":77},"end":{"line":150,"column":10}},"skip":true},"11":{"name":"(anonymous_11)","line":158,"loc":{"start":{"line":158,"column":83},"end":{"line":161,"column":10}},"skip":true},"12":{"name":"(anonymous_12)","line":169,"loc":{"start":{"line":169,"column":79},"end":{"line":172,"column":10}},"skip":true},"13":{"name":"(anonymous_13)","line":180,"loc":{"start":{"line":180,"column":75},"end":{"line":183,"column":10}},"skip":true}},"statementMap":{"1":{"start":{"line":12,"column":0},"end":{"line":195,"column":5}},"2":{"start":{"line":14,"column":4},"end":{"line":14,"column":14}},"3":{"start":{"line":19,"column":4},"end":{"line":56,"column":9}},"4":{"start":{"line":21,"column":8},"end":{"line":21,"column":19}},"5":{"start":{"line":23,"column":8},"end":{"line":35,"column":13}},"6":{"start":{"line":24,"column":12},"end":{"line":34,"column":13}},"7":{"start":{"line":25,"column":16},"end":{"line":28,"column":30}},"8":{"start":{"line":30,"column":16},"end":{"line":33,"column":27}},"9":{"start":{"line":37,"column":8},"end":{"line":39,"column":21}},"10":{"start":{"line":40,"column":8},"end":{"line":53,"column":9}},"11":{"start":{"line":43,"column":12},"end":{"line":46,"column":14}},"12":{"start":{"line":47,"column":12},"end":{"line":47,"column":18}},"13":{"start":{"line":50,"column":12},"end":{"line":51,"column":33}},"14":{"start":{"line":52,"column":12},"end":{"line":52,"column":18}},"15":{"start":{"line":55,"column":8},"end":{"line":55,"column":35}},"16":{"start":{"line":61,"column":4},"end":{"line":63,"column":9}},"17":{"start":{"line":62,"column":8},"end":{"line":62,"column":15}},"18":{"start":{"line":64,"column":4},"end":{"line":77,"column":5}},"19":{"start":{"line":70,"column":8},"end":{"line":70,"column":14}},"20":{"start":{"line":76,"column":8},"end":{"line":76,"column":14}},"21":{"start":{"line":82,"column":4},"end":{"line":84,"column":9}},"22":{"start":{"line":83,"column":8},"end":{"line":83,"column":15}},"23":{"start":{"line":85,"column":4},"end":{"line":194,"column":5}},"24":{"start":{"line":91,"column":8},"end":{"line":99,"column":10}},"25":{"start":{"line":98,"column":12},"end":{"line":98,"column":35}},"26":{"start":{"line":102,"column":8},"end":{"line":104,"column":63}},"27":{"start":{"line":105,"column":8},"end":{"line":105,"column":14}},"28":{"start":{"line":112,"column":8},"end":{"line":121,"column":10},"skip":true},"29":{"start":{"line":119,"column":12},"end":{"line":119,"column":55},"skip":true},"30":{"start":{"line":120,"column":12},"end":{"line":120,"column":48},"skip":true},"31":{"start":{"line":123,"column":8},"end":{"line":136,"column":10},"skip":true},"32":{"start":{"line":130,"column":12},"end":{"line":130,"column":76},"skip":true},"33":{"start":{"line":131,"column":12},"end":{"line":131,"column":73},"skip":true},"34":{"start":{"line":132,"column":12},"end":{"line":132,"column":74},"skip":true},"35":{"start":{"line":133,"column":12},"end":{"line":133,"column":79},"skip":true},"36":{"start":{"line":134,"column":12},"end":{"line":134,"column":25},"skip":true},"37":{"start":{"line":135,"column":12},"end":{"line":135,"column":45},"skip":true},"38":{"start":{"line":138,"column":8},"end":{"line":145,"column":14},"skip":true},"39":{"start":{"line":143,"column":16},"end":{"line":143,"column":29},"skip":true},"40":{"start":{"line":144,"column":16},"end":{"line":144,"column":55},"skip":true},"41":{"start":{"line":147,"column":8},"end":{"line":156,"column":10},"skip":true},"42":{"start":{"line":154,"column":12},"end":{"line":154,"column":25},"skip":true},"43":{"start":{"line":155,"column":12},"end":{"line":155,"column":45},"skip":true},"44":{"start":{"line":158,"column":8},"end":{"line":167,"column":10},"skip":true},"45":{"start":{"line":165,"column":12},"end":{"line":165,"column":25},"skip":true},"46":{"start":{"line":166,"column":12},"end":{"line":166,"column":48},"skip":true},"47":{"start":{"line":169,"column":8},"end":{"line":178,"column":10},"skip":true},"48":{"start":{"line":176,"column":12},"end":{"line":176,"column":25},"skip":true},"49":{"start":{"line":177,"column":12},"end":{"line":177,"column":46},"skip":true},"50":{"start":{"line":180,"column":8},"end":{"line":189,"column":10},"skip":true},"51":{"start":{"line":187,"column":12},"end":{"line":187,"column":94},"skip":true},"52":{"start":{"line":188,"column":12},"end":{"line":188,"column":48},"skip":true},"53":{"start":{"line":192,"column":8},"end":{"line":192,"column":35},"skip":true},"54":{"start":{"line":193,"column":8},"end":{"line":193,"column":14},"skip":true}},"branchMap":{"1":{"line":25,"type":"binary-expr","locations":[{"start":{"line":25,"column":23},"end":{"line":25,"column":62}},{"start":{"line":26,"column":20},"end":{"line":26,"column":70}},{"start":{"line":27,"column":20},"end":{"line":27,"column":71}},{"start":{"line":28,"column":20},"end":{"line":28,"column":29}}]},"2":{"line":30,"type":"binary-expr","locations":[{"start":{"line":30,"column":23},"end":{"line":30,"column":37}},{"start":{"line":31,"column":20},"end":{"line":31,"column":61}},{"start":{"line":32,"column":20},"end":{"line":32,"column":70}},{"start":{"line":33,"column":20},"end":{"line":33,"column":26}}]},"3":{"line":37,"type":"cond-expr","locations":[{"start":{"line":38,"column":14},"end":{"line":38,"column":20}},{"start":{"line":39,"column":14},"end":{"line":39,"column":20}}]},"4":{"line":40,"type":"switch","locations":[{"start":{"line":42,"column":8},"end":{"line":47,"column":18}},{"start":{"line":49,"column":8},"end":{"line":52,"column":18}}]},"5":{"line":44,"type":"binary-expr","locations":[{"start":{"line":44,"column":16},"end":{"line":44,"column":44}},{"start":{"line":44,"column":48},"end":{"line":44,"column":66}}]},"6":{"line":50,"type":"binary-expr","locations":[{"start":{"line":50,"column":21},"end":{"line":50,"column":49}},{"start":{"line":50,"column":53},"end":{"line":50,"column":72}}]},"7":{"line":64,"type":"switch","locations":[{"start":{"line":69,"column":4},"end":{"line":70,"column":14}},{"start":{"line":75,"column":4},"end":{"line":76,"column":14}}]},"8":{"line":85,"type":"switch","locations":[{"start":{"line":90,"column":4},"end":{"line":105,"column":14}},{"start":{"line":111,"column":4},"end":{"line":193,"column":14},"skip":true}]},"9":{"line":91,"type":"binary-expr","locations":[{"start":{"line":91,"column":42},"end":{"line":91,"column":73}},{"start":{"line":91,"column":77},"end":{"line":99,"column":9}}]},"10":{"line":102,"type":"binary-expr","locations":[{"start":{"line":102,"column":18},"end":{"line":102,"column":32}},{"start":{"line":103,"column":12},"end":{"line":103,"column":53}},{"start":{"line":104,"column":12},"end":{"line":104,"column":61}}]},"11":{"line":112,"type":"binary-expr","locations":[{"start":{"line":112,"column":45},"end":{"line":112,"column":79},"skip":true},{"start":{"line":112,"column":83},"end":{"line":121,"column":9},"skip":true}]},"12":{"line":123,"type":"binary-expr","locations":[{"start":{"line":123,"column":42},"end":{"line":123,"column":73},"skip":true},{"start":{"line":123,"column":77},"end":{"line":136,"column":9},"skip":true}]},"13":{"line":138,"type":"binary-expr","locations":[{"start":{"line":138,"column":48},"end":{"line":138,"column":85},"skip":true},{"start":{"line":139,"column":12},"end":{"line":145,"column":13},"skip":true}]},"14":{"line":147,"type":"binary-expr","locations":[{"start":{"line":147,"column":42},"end":{"line":147,"column":73},"skip":true},{"start":{"line":147,"column":77},"end":{"line":156,"column":9},"skip":true}]},"15":{"line":158,"type":"binary-expr","locations":[{"start":{"line":158,"column":45},"end":{"line":158,"column":79},"skip":true},{"start":{"line":158,"column":83},"end":{"line":167,"column":9},"skip":true}]},"16":{"line":169,"type":"binary-expr","locations":[{"start":{"line":169,"column":43},"end":{"line":169,"column":75},"skip":true},{"start":{"line":169,"column":79},"end":{"line":178,"column":9},"skip":true}]},"17":{"line":180,"type":"binary-expr","locations":[{"start":{"line":180,"column":41},"end":{"line":180,"column":71},"skip":true},{"start":{"line":180,"column":75},"end":{"line":189,"column":9},"skip":true}]}},"code":["/* istanbul instrument in package npmtest_passport_facebook_token */","/*jslint","    bitwise: true,","    browser: true,","    maxerr: 8,","    maxlen: 96,","    node: true,","    nomen: true,","    regexp: true,","    stupid: true","*/","(function () {","    'use strict';","    var local;","","","","    // run shared js-env code - init-before","    (function () {","        // init local","        local = {};","        // init modeJs","        local.modeJs = (function () {","            try {","                return typeof navigator.userAgent === 'string' &&","                    typeof document.querySelector('body') === 'object' &&","                    typeof XMLHttpRequest.prototype.open === 'function' &&","                    'browser';","            } catch (errorCaughtBrowser) {","                return module.exports &&","                    typeof process.versions.node === 'string' &&","                    typeof require('http').createServer === 'function' &&","                    'node';","            }","        }());","        // init global","        local.global = local.modeJs === 'browser'","            ? window","            : global;","        switch (local.modeJs) {","        // re-init local from window.local","        case 'browser':","            local = local.global.utility2.objectSetDefault(","                local.global.utility2_rollup || local.global.local,","                local.global.utility2","            );","            break;","        // re-init local from example.js","        case 'node':","            local = (local.global.utility2_rollup || require('utility2'))","                .requireReadme();","            break;","        }","        // export local","        local.global.local = local;","    }());","","","","    // run shared js-env code - function","    (function () {","        return;","    }());","    switch (local.modeJs) {","","","","    // run browser js-env code - function","    case 'browser':","        break;","","","","    // run node js-env code - function","    case 'node':","        break;","    }","","","","    // run shared js-env code - init-after","    (function () {","        return;","    }());","    switch (local.modeJs) {","","","","    // run browser js-env code - init-after","    case 'browser':","        local.testCase_browser_nullCase = local.testCase_browser_nullCase || function (","            options,","            onError","        ) {","        /*","         * this function will test browsers's null-case handling-behavior-behavior","         */","            onError(null, options);","        };","","        // run tests","        local.nop(local.modeTest &&","            document.querySelector('#testRunButton1') &&","            document.querySelector('#testRunButton1').click());","        break;","","","","    // run node js-env code - init-after","    /* istanbul ignore next */","    case 'node':","        local.testCase_buildApidoc_default = local.testCase_buildApidoc_default || function (","            options,","            onError","        ) {","        /*","         * this function will test buildApidoc's default handling-behavior-behavior","         */","            options = { modulePathList: module.paths };","            local.buildApidoc(options, onError);","        };","","        local.testCase_buildApp_default = local.testCase_buildApp_default || function (","            options,","            onError","        ) {","        /*","         * this function will test buildApp's default handling-behavior-behavior","         */","            local.testCase_buildReadme_default(options, local.onErrorThrow);","            local.testCase_buildLib_default(options, local.onErrorThrow);","            local.testCase_buildTest_default(options, local.onErrorThrow);","            local.testCase_buildCustomOrg_default(options, local.onErrorThrow);","            options = [];","            local.buildApp(options, onError);","        };","","        local.testCase_buildCustomOrg_default = local.testCase_buildCustomOrg_default ||","            function (options, onError) {","            /*","             * this function will test buildCustomOrg's default handling-behavior","             */","                options = {};","                local.buildCustomOrg(options, onError);","            };","","        local.testCase_buildLib_default = local.testCase_buildLib_default || function (","            options,","            onError","        ) {","        /*","         * this function will test buildLib's default handling-behavior","         */","            options = {};","            local.buildLib(options, onError);","        };","","        local.testCase_buildReadme_default = local.testCase_buildReadme_default || function (","            options,","            onError","        ) {","        /*","         * this function will test buildReadme's default handling-behavior-behavior","         */","            options = {};","            local.buildReadme(options, onError);","        };","","        local.testCase_buildTest_default = local.testCase_buildTest_default || function (","            options,","            onError","        ) {","        /*","         * this function will test buildTest's default handling-behavior","         */","            options = {};","            local.buildTest(options, onError);","        };","","        local.testCase_webpage_default = local.testCase_webpage_default || function (","            options,","            onError","        ) {","        /*","         * this function will test webpage's default handling-behavior","         */","            options = { modeCoverageMerge: true, url: local.serverLocalHost + '?modeTest=1' };","            local.browserTest(options, onError);","        };","","        // run test-server","        local.testRunServer(local);","        break;","    }","}());",""],"l":{"12":2,"14":2,"19":2,"21":2,"23":2,"24":2,"25":2,"30":1,"37":2,"40":2,"43":1,"47":1,"50":1,"52":1,"55":2,"61":2,"62":2,"64":2,"70":1,"76":1,"82":2,"83":2,"85":2,"91":1,"98":1,"102":1,"105":1,"112":1,"119":1,"120":1,"123":1,"130":1,"131":1,"132":1,"133":1,"134":1,"135":1,"138":1,"143":2,"144":2,"147":1,"154":2,"155":2,"158":1,"165":2,"166":2,"169":1,"176":2,"177":2,"180":1,"187":1,"188":1,"192":1,"193":1}},"/home/travis/build/npmtest/node-npmtest-passport-facebook-token/lib.npmtest_passport_facebook_token.js":{"path":"/home/travis/build/npmtest/node-npmtest-passport-facebook-token/lib.npmtest_passport_facebook_token.js","s":{"1":2,"2":2,"3":2,"4":2,"5":2,"6":2,"7":2,"8":1,"9":2,"10":2,"11":2,"12":2,"13":1,"14":1,"15":1,"16":1},"b":{"1":[2,1,1,1],"2":[1,1,1,1],"3":[1,1],"4":[2,2],"5":[1,1]},"f":{"1":2,"2":2,"3":2},"fnMap":{"1":{"name":"(anonymous_1)","line":12,"loc":{"start":{"line":12,"column":1},"end":{"line":12,"column":13}}},"2":{"name":"(anonymous_2)","line":19,"loc":{"start":{"line":19,"column":5},"end":{"line":19,"column":17}}},"3":{"name":"(anonymous_3)","line":23,"loc":{"start":{"line":23,"column":24},"end":{"line":23,"column":36}}}},"statementMap":{"1":{"start":{"line":12,"column":0},"end":{"line":53,"column":5}},"2":{"start":{"line":14,"column":4},"end":{"line":14,"column":14}},"3":{"start":{"line":19,"column":4},"end":{"line":52,"column":9}},"4":{"start":{"line":21,"column":8},"end":{"line":21,"column":19}},"5":{"start":{"line":23,"column":8},"end":{"line":35,"column":13}},"6":{"start":{"line":24,"column":12},"end":{"line":34,"column":13}},"7":{"start":{"line":25,"column":16},"end":{"line":28,"column":30}},"8":{"start":{"line":30,"column":16},"end":{"line":33,"column":27}},"9":{"start":{"line":37,"column":8},"end":{"line":39,"column":21}},"10":{"start":{"line":41,"column":8},"end":{"line":41,"column":54}},"11":{"start":{"line":43,"column":8},"end":{"line":43,"column":68}},"12":{"start":{"line":45,"column":8},"end":{"line":51,"column":9}},"13":{"start":{"line":46,"column":12},"end":{"line":46,"column":74}},"14":{"start":{"line":48,"column":12},"end":{"line":48,"column":35}},"15":{"start":{"line":49,"column":12},"end":{"line":49,"column":49}},"16":{"start":{"line":50,"column":12},"end":{"line":50,"column":43}}},"branchMap":{"1":{"line":25,"type":"binary-expr","locations":[{"start":{"line":25,"column":23},"end":{"line":25,"column":62}},{"start":{"line":26,"column":20},"end":{"line":26,"column":70}},{"start":{"line":27,"column":20},"end":{"line":27,"column":71}},{"start":{"line":28,"column":20},"end":{"line":28,"column":29}}]},"2":{"line":30,"type":"binary-expr","locations":[{"start":{"line":30,"column":23},"end":{"line":30,"column":37}},{"start":{"line":31,"column":20},"end":{"line":31,"column":61}},{"start":{"line":32,"column":20},"end":{"line":32,"column":70}},{"start":{"line":33,"column":20},"end":{"line":33,"column":26}}]},"3":{"line":37,"type":"cond-expr","locations":[{"start":{"line":38,"column":14},"end":{"line":38,"column":20}},{"start":{"line":39,"column":14},"end":{"line":39,"column":20}}]},"4":{"line":41,"type":"binary-expr","locations":[{"start":{"line":41,"column":16},"end":{"line":41,"column":44}},{"start":{"line":41,"column":48},"end":{"line":41,"column":53}}]},"5":{"line":45,"type":"if","locations":[{"start":{"line":45,"column":8},"end":{"line":45,"column":8}},{"start":{"line":45,"column":8},"end":{"line":45,"column":8}}]}},"code":["/* istanbul instrument in package npmtest_passport_facebook_token */","/*jslint","    bitwise: true,","    browser: true,","    maxerr: 8,","    maxlen: 96,","    node: true,","    nomen: true,","    regexp: true,","    stupid: true","*/","(function () {","    'use strict';","    var local;","","","","    // run shared js-env code - init-before","    (function () {","        // init local","        local = {};","        // init modeJs","        local.modeJs = (function () {","            try {","                return typeof navigator.userAgent === 'string' &&","                    typeof document.querySelector('body') === 'object' &&","                    typeof XMLHttpRequest.prototype.open === 'function' &&","                    'browser';","            } catch (errorCaughtBrowser) {","                return module.exports &&","                    typeof process.versions.node === 'string' &&","                    typeof require('http').createServer === 'function' &&","                    'node';","            }","        }());","        // init global","        local.global = local.modeJs === 'browser'","            ? window","            : global;","        // init utility2_rollup","        local = local.global.utility2_rollup || local;","        // init lib","        local.local = local.npmtest_passport_facebook_token = local;","        // init exports","        if (local.modeJs === 'browser') {","            local.global.utility2_npmtest_passport_facebook_token = local;","        } else {","            module.exports = local;","            module.exports.__dirname = __dirname;","            module.exports.module = module;","        }","    }());","}());",""],"l":{"12":2,"14":2,"19":2,"21":2,"23":2,"24":2,"25":2,"30":1,"37":2,"41":2,"43":2,"45":2,"46":1,"48":1,"49":1,"50":1}},"/home/travis/build/npmtest/node-npmtest-passport-facebook-token/example.js":{"path":"/home/travis/build/npmtest/node-npmtest-passport-facebook-token/example.js","s":{"1":2,"2":2,"3":2,"4":2,"5":2,"6":2,"7":2,"8":1,"9":2,"10":2,"11":2,"12":2,"13":1,"14":2,"15":2,"16":2,"17":2,"18":2,"19":0,"20":2,"21":1,"22":1,"23":1,"24":1,"25":1,"26":0,"27":0,"28":1,"29":1,"30":2,"31":0,"32":0,"33":0,"34":1,"35":2,"36":2,"37":3,"38":3,"39":3,"40":3,"41":0,"42":3,"43":3,"44":3,"45":1,"46":3,"47":1,"48":1,"49":1,"50":1,"51":1,"52":1,"53":1,"54":1,"55":1,"56":1,"57":0,"58":1,"59":6,"60":6,"61":1,"62":2,"63":0,"64":2,"65":1,"66":1,"67":0,"68":0,"69":0,"70":0,"71":0,"72":0,"73":0,"74":0,"75":0,"76":0,"77":0,"78":0,"79":0,"80":0,"81":0,"82":0,"83":0},"b":{"1":[2,1,1,1],"2":[1,1,1,1],"3":[1,1],"4":[2,2],"5":[1,1],"6":[1,1],"7":[2,0],"8":[2,1,1,1,1,1],"9":[0,2,0],"10":[1,1],"11":[2,1,1],"12":[1,0],"13":[0,2],"14":[2,0,0,0,0,0,0],"15":[0,3],"16":[3,0],"17":[1,1],"18":[0,1],"19":[1,2,0,2],"20":[1,0],"21":[1,1],"22":[0,0],"23":[0,0],"24":[0,0],"25":[0,0],"26":[0,0],"27":[0,0],"28":[0,0]},"f":{"1":2,"2":2,"3":2,"4":2,"5":2,"6":2,"7":3,"8":3,"9":3,"10":1,"11":6,"12":0},"fnMap":{"1":{"name":"(anonymous_1)","line":26,"loc":{"start":{"line":26,"column":1},"end":{"line":26,"column":13}}},"2":{"name":"(anonymous_2)","line":33,"loc":{"start":{"line":33,"column":5},"end":{"line":33,"column":17}}},"3":{"name":"(anonymous_3)","line":37,"loc":{"start":{"line":37,"column":24},"end":{"line":37,"column":36}}},"4":{"name":"(anonymous_4)","line":69,"loc":{"start":{"line":69,"column":31},"end":{"line":69,"column":48}},"skip":true},"5":{"name":"(anonymous_5)","line":78,"loc":{"start":{"line":78,"column":26},"end":{"line":78,"column":45}},"skip":true},"6":{"name":"(anonymous_6)","line":123,"loc":{"start":{"line":123,"column":33},"end":{"line":123,"column":48}},"skip":true},"7":{"name":"(anonymous_7)","line":125,"loc":{"start":{"line":125,"column":27},"end":{"line":125,"column":39}},"skip":true},"8":{"name":"(anonymous_8)","line":133,"loc":{"start":{"line":133,"column":59},"end":{"line":133,"column":74}},"skip":true},"9":{"name":"(anonymous_9)","line":143,"loc":{"start":{"line":143,"column":45},"end":{"line":143,"column":62}},"skip":true},"10":{"name":"(anonymous_10)","line":144,"loc":{"start":{"line":144,"column":73},"end":{"line":144,"column":92}},"skip":true},"11":{"name":"(anonymous_11)","line":272,"loc":{"start":{"line":272,"column":51},"end":{"line":272,"column":77}},"skip":true},"12":{"name":"(anonymous_12)","line":315,"loc":{"start":{"line":315,"column":32},"end":{"line":315,"column":61}},"skip":true}},"statementMap":{"1":{"start":{"line":26,"column":0},"end":{"line":326,"column":5}},"2":{"start":{"line":28,"column":4},"end":{"line":28,"column":14}},"3":{"start":{"line":33,"column":4},"end":{"line":60,"column":9}},"4":{"start":{"line":35,"column":8},"end":{"line":35,"column":19}},"5":{"start":{"line":37,"column":8},"end":{"line":49,"column":13}},"6":{"start":{"line":38,"column":12},"end":{"line":48,"column":13}},"7":{"start":{"line":39,"column":16},"end":{"line":42,"column":30}},"8":{"start":{"line":44,"column":16},"end":{"line":47,"column":27}},"9":{"start":{"line":51,"column":8},"end":{"line":53,"column":21}},"10":{"start":{"line":55,"column":8},"end":{"line":57,"column":45}},"11":{"start":{"line":59,"column":8},"end":{"line":59,"column":35}},"12":{"start":{"line":61,"column":4},"end":{"line":325,"column":5}},"13":{"start":{"line":69,"column":8},"end":{"line":121,"column":10},"skip":true},"14":{"start":{"line":70,"column":12},"end":{"line":88,"column":13},"skip":true},"15":{"start":{"line":76,"column":16},"end":{"line":87,"column":19},"skip":true},"16":{"start":{"line":79,"column":20},"end":{"line":86,"column":21},"skip":true},"17":{"start":{"line":82,"column":24},"end":{"line":82,"column":43},"skip":true},"18":{"start":{"line":83,"column":24},"end":{"line":83,"column":30},"skip":true},"19":{"start":{"line":85,"column":24},"end":{"line":85,"column":49},"skip":true},"20":{"start":{"line":89,"column":12},"end":{"line":107,"column":13},"skip":true},"21":{"start":{"line":92,"column":16},"end":{"line":102,"column":17},"skip":true},"22":{"start":{"line":93,"column":20},"end":{"line":93,"column":86},"skip":true},"23":{"start":{"line":94,"column":20},"end":{"line":95,"column":45},"skip":true},"24":{"start":{"line":96,"column":20},"end":{"line":96,"column":42},"skip":true},"25":{"start":{"line":97,"column":20},"end":{"line":97,"column":48},"skip":true},"26":{"start":{"line":100,"column":20},"end":{"line":100,"column":85},"skip":true},"27":{"start":{"line":101,"column":20},"end":{"line":101,"column":96},"skip":true},"28":{"start":{"line":103,"column":16},"end":{"line":103,"column":22},"skip":true},"29":{"start":{"line":106,"column":16},"end":{"line":106,"column":22},"skip":true},"30":{"start":{"line":108,"column":12},"end":{"line":120,"column":13},"skip":true},"31":{"start":{"line":114,"column":16},"end":{"line":119,"column":17},"skip":true},"32":{"start":{"line":116,"column":20},"end":{"line":116,"column":78},"skip":true},"33":{"start":{"line":118,"column":20},"end":{"line":118,"column":47},"skip":true},"34":{"start":{"line":123,"column":8},"end":{"line":141,"column":11},"skip":true},"35":{"start":{"line":124,"column":12},"end":{"line":124,"column":54},"skip":true},"36":{"start":{"line":125,"column":12},"end":{"line":140,"column":14},"skip":true},"37":{"start":{"line":126,"column":16},"end":{"line":126,"column":28},"skip":true},"38":{"start":{"line":127,"column":16},"end":{"line":127,"column":69},"skip":true},"39":{"start":{"line":128,"column":16},"end":{"line":128,"column":75},"skip":true},"40":{"start":{"line":129,"column":16},"end":{"line":131,"column":17},"skip":true},"41":{"start":{"line":130,"column":20},"end":{"line":130,"column":27},"skip":true},"42":{"start":{"line":133,"column":16},"end":{"line":137,"column":36},"skip":true},"43":{"start":{"line":134,"column":20},"end":{"line":136,"column":55},"skip":true},"44":{"start":{"line":139,"column":16},"end":{"line":139,"column":57},"skip":true},"45":{"start":{"line":143,"column":8},"end":{"line":147,"column":11},"skip":true},"46":{"start":{"line":144,"column":12},"end":{"line":146,"column":15},"skip":true},"47":{"start":{"line":145,"column":16},"end":{"line":145,"column":70},"skip":true},"48":{"start":{"line":149,"column":8},"end":{"line":149,"column":31},"skip":true},"49":{"start":{"line":150,"column":8},"end":{"line":150,"column":14},"skip":true},"50":{"start":{"line":158,"column":8},"end":{"line":158,"column":31},"skip":true},"51":{"start":{"line":160,"column":8},"end":{"line":160,"column":33},"skip":true},"52":{"start":{"line":161,"column":8},"end":{"line":161,"column":37},"skip":true},"53":{"start":{"line":162,"column":8},"end":{"line":162,"column":35},"skip":true},"54":{"start":{"line":164,"column":8},"end":{"line":164,"column":50},"skip":true},"55":{"start":{"line":166,"column":8},"end":{"line":256,"column":2},"skip":true},"56":{"start":{"line":258,"column":8},"end":{"line":286,"column":9},"skip":true},"57":{"start":{"line":259,"column":12},"end":{"line":269,"column":14},"skip":true},"58":{"start":{"line":271,"column":12},"end":{"line":285,"column":19},"skip":true},"59":{"start":{"line":274,"column":20},"end":{"line":274,"column":35},"skip":true},"60":{"start":{"line":275,"column":20},"end":{"line":284,"column":21},"skip":true},"61":{"start":{"line":277,"column":24},"end":{"line":277,"column":64},"skip":true},"62":{"start":{"line":279,"column":24},"end":{"line":279,"column":40},"skip":true},"63":{"start":{"line":281,"column":24},"end":{"line":281,"column":40},"skip":true},"64":{"start":{"line":283,"column":24},"end":{"line":283,"column":39},"skip":true},"65":{"start":{"line":288,"column":8},"end":{"line":290,"column":9},"skip":true},"66":{"start":{"line":289,"column":12},"end":{"line":289,"column":18},"skip":true},"67":{"start":{"line":291,"column":8},"end":{"line":293,"column":54},"skip":true},"68":{"start":{"line":296,"column":8},"end":{"line":301,"column":37},"skip":true},"69":{"start":{"line":303,"column":8},"end":{"line":303,"column":82},"skip":true},"70":{"start":{"line":306,"column":8},"end":{"line":308,"column":9},"skip":true},"71":{"start":{"line":307,"column":12},"end":{"line":307,"column":82},"skip":true},"72":{"start":{"line":310,"column":8},"end":{"line":312,"column":9},"skip":true},"73":{"start":{"line":311,"column":12},"end":{"line":311,"column":18},"skip":true},"74":{"start":{"line":313,"column":8},"end":{"line":313,"column":54},"skip":true},"75":{"start":{"line":314,"column":8},"end":{"line":314,"column":69},"skip":true},"76":{"start":{"line":315,"column":8},"end":{"line":323,"column":36},"skip":true},"77":{"start":{"line":316,"column":12},"end":{"line":316,"column":61},"skip":true},"78":{"start":{"line":317,"column":12},"end":{"line":320,"column":13},"skip":true},"79":{"start":{"line":318,"column":16},"end":{"line":318,"column":75},"skip":true},"80":{"start":{"line":319,"column":16},"end":{"line":319,"column":23},"skip":true},"81":{"start":{"line":321,"column":12},"end":{"line":321,"column":38},"skip":true},"82":{"start":{"line":322,"column":12},"end":{"line":322,"column":27},"skip":true},"83":{"start":{"line":324,"column":8},"end":{"line":324,"column":14},"skip":true}},"branchMap":{"1":{"line":39,"type":"binary-expr","locations":[{"start":{"line":39,"column":23},"end":{"line":39,"column":62}},{"start":{"line":40,"column":20},"end":{"line":40,"column":70}},{"start":{"line":41,"column":20},"end":{"line":41,"column":71}},{"start":{"line":42,"column":20},"end":{"line":42,"column":29}}]},"2":{"line":44,"type":"binary-expr","locations":[{"start":{"line":44,"column":23},"end":{"line":44,"column":37}},{"start":{"line":45,"column":20},"end":{"line":45,"column":61}},{"start":{"line":46,"column":20},"end":{"line":46,"column":70}},{"start":{"line":47,"column":20},"end":{"line":47,"column":26}}]},"3":{"line":51,"type":"cond-expr","locations":[{"start":{"line":52,"column":14},"end":{"line":52,"column":20}},{"start":{"line":53,"column":14},"end":{"line":53,"column":20}}]},"4":{"line":55,"type":"binary-expr","locations":[{"start":{"line":55,"column":16},"end":{"line":55,"column":44}},{"start":{"line":55,"column":49},"end":{"line":57,"column":43}}]},"5":{"line":55,"type":"cond-expr","locations":[{"start":{"line":56,"column":14},"end":{"line":56,"column":67}},{"start":{"line":57,"column":14},"end":{"line":57,"column":43}}]},"6":{"line":61,"type":"switch","locations":[{"start":{"line":68,"column":4},"end":{"line":150,"column":14},"skip":true},{"start":{"line":156,"column":4},"end":{"line":324,"column":14},"skip":true}]},"7":{"line":70,"type":"if","locations":[{"start":{"line":70,"column":12},"end":{"line":70,"column":12},"skip":true},{"start":{"line":70,"column":12},"end":{"line":70,"column":12},"skip":true}]},"8":{"line":70,"type":"binary-expr","locations":[{"start":{"line":70,"column":16},"end":{"line":70,"column":22},"skip":true},{"start":{"line":70,"column":27},"end":{"line":70,"column":32},"skip":true},{"start":{"line":71,"column":20},"end":{"line":71,"column":39},"skip":true},{"start":{"line":72,"column":20},"end":{"line":72,"column":49},"skip":true},{"start":{"line":73,"column":20},"end":{"line":73,"column":58},"skip":true},{"start":{"line":74,"column":20},"end":{"line":74,"column":69},"skip":true}]},"9":{"line":79,"type":"switch","locations":[{"start":{"line":80,"column":20},"end":{"line":80,"column":33},"skip":true},{"start":{"line":81,"column":20},"end":{"line":83,"column":30},"skip":true},{"start":{"line":84,"column":20},"end":{"line":85,"column":49},"skip":true}]},"10":{"line":89,"type":"switch","locations":[{"start":{"line":90,"column":12},"end":{"line":103,"column":22},"skip":true},{"start":{"line":105,"column":12},"end":{"line":106,"column":22},"skip":true}]},"11":{"line":89,"type":"binary-expr","locations":[{"start":{"line":89,"column":20},"end":{"line":89,"column":25},"skip":true},{"start":{"line":89,"column":29},"end":{"line":89,"column":48},"skip":true},{"start":{"line":89,"column":52},"end":{"line":89,"column":74},"skip":true}]},"12":{"line":92,"type":"if","locations":[{"start":{"line":92,"column":16},"end":{"line":92,"column":16},"skip":true},{"start":{"line":92,"column":16},"end":{"line":92,"column":16},"skip":true}]},"13":{"line":108,"type":"if","locations":[{"start":{"line":108,"column":12},"end":{"line":108,"column":12},"skip":true},{"start":{"line":108,"column":12},"end":{"line":108,"column":12},"skip":true}]},"14":{"line":108,"type":"binary-expr","locations":[{"start":{"line":108,"column":16},"end":{"line":108,"column":61},"skip":true},{"start":{"line":108,"column":66},"end":{"line":108,"column":72},"skip":true},{"start":{"line":108,"column":77},"end":{"line":108,"column":82},"skip":true},{"start":{"line":109,"column":20},"end":{"line":109,"column":39},"skip":true},{"start":{"line":110,"column":20},"end":{"line":110,"column":49},"skip":true},{"start":{"line":111,"column":20},"end":{"line":111,"column":58},"skip":true},{"start":{"line":112,"column":20},"end":{"line":112,"column":68},"skip":true}]},"15":{"line":129,"type":"if","locations":[{"start":{"line":129,"column":16},"end":{"line":129,"column":16},"skip":true},{"start":{"line":129,"column":16},"end":{"line":129,"column":16},"skip":true}]},"16":{"line":134,"type":"cond-expr","locations":[{"start":{"line":135,"column":26},"end":{"line":135,"column":29},"skip":true},{"start":{"line":136,"column":26},"end":{"line":136,"column":54},"skip":true}]},"17":{"line":164,"type":"binary-expr","locations":[{"start":{"line":164,"column":27},"end":{"line":164,"column":43},"skip":true},{"start":{"line":164,"column":47},"end":{"line":164,"column":49},"skip":true}]},"18":{"line":258,"type":"if","locations":[{"start":{"line":258,"column":8},"end":{"line":258,"column":8},"skip":true},{"start":{"line":258,"column":8},"end":{"line":258,"column":8},"skip":true}]},"19":{"line":275,"type":"switch","locations":[{"start":{"line":276,"column":20},"end":{"line":277,"column":64},"skip":true},{"start":{"line":278,"column":20},"end":{"line":279,"column":40},"skip":true},{"start":{"line":280,"column":20},"end":{"line":281,"column":40},"skip":true},{"start":{"line":282,"column":20},"end":{"line":283,"column":39},"skip":true}]},"20":{"line":288,"type":"if","locations":[{"start":{"line":288,"column":8},"end":{"line":288,"column":8},"skip":true},{"start":{"line":288,"column":8},"end":{"line":288,"column":8},"skip":true}]},"21":{"line":288,"type":"binary-expr","locations":[{"start":{"line":288,"column":12},"end":{"line":288,"column":40},"skip":true},{"start":{"line":288,"column":44},"end":{"line":288,"column":67},"skip":true}]},"22":{"line":292,"type":"binary-expr","locations":[{"start":{"line":292,"column":12},"end":{"line":292,"column":50},"skip":true},{"start":{"line":293,"column":12},"end":{"line":293,"column":53},"skip":true}]},"23":{"line":297,"type":"binary-expr","locations":[{"start":{"line":297,"column":12},"end":{"line":297,"column":81},"skip":true},{"start":{"line":298,"column":12},"end":{"line":301,"column":36},"skip":true}]},"24":{"line":303,"type":"binary-expr","locations":[{"start":{"line":303,"column":43},"end":{"line":303,"column":75},"skip":true},{"start":{"line":303,"column":79},"end":{"line":303,"column":81},"skip":true}]},"25":{"line":306,"type":"if","locations":[{"start":{"line":306,"column":8},"end":{"line":306,"column":8},"skip":true},{"start":{"line":306,"column":8},"end":{"line":306,"column":8},"skip":true}]},"26":{"line":310,"type":"if","locations":[{"start":{"line":310,"column":8},"end":{"line":310,"column":8},"skip":true},{"start":{"line":310,"column":8},"end":{"line":310,"column":8},"skip":true}]},"27":{"line":313,"type":"binary-expr","locations":[{"start":{"line":313,"column":27},"end":{"line":313,"column":43},"skip":true},{"start":{"line":313,"column":47},"end":{"line":313,"column":53},"skip":true}]},"28":{"line":317,"type":"if","locations":[{"start":{"line":317,"column":12},"end":{"line":317,"column":12},"skip":true},{"start":{"line":317,"column":12},"end":{"line":317,"column":12},"skip":true}]}},"code":["/*","example.js","","quickstart example","","instruction","    1. save this script as example.js","    2. run the shell command:","        $ npm install npmtest-passport-facebook-token && PORT=8081 node example.js","    3. play with the browser-demo on http://127.0.0.1:8081","*/","","","","/* istanbul instrument in package npmtest_passport_facebook_token */","/*jslint","    bitwise: true,","    browser: true,","    maxerr: 8,","    maxlen: 96,","    node: true,","    nomen: true,","    regexp: true,","    stupid: true","*/","(function () {","    'use strict';","    var local;","","","","    // run shared js-env code - init-before","    (function () {","        // init local","        local = {};","        // init modeJs","        local.modeJs = (function () {","            try {","                return typeof navigator.userAgent === 'string' &&","                    typeof document.querySelector('body') === 'object' &&","                    typeof XMLHttpRequest.prototype.open === 'function' &&","                    'browser';","            } catch (errorCaughtBrowser) {","                return module.exports &&","                    typeof process.versions.node === 'string' &&","                    typeof require('http').createServer === 'function' &&","                    'node';","            }","        }());","        // init global","        local.global = local.modeJs === 'browser'","            ? window","            : global;","        // init utility2_rollup","        local = local.global.utility2_rollup || (local.modeJs === 'browser'","            ? local.global.utility2_npmtest_passport_facebook_token","            : global.utility2_moduleExports);","        // export local","        local.global.local = local;","    }());","    switch (local.modeJs) {","","","","    // init-after","    // run browser js-env code - init-after","    /* istanbul ignore next */","    case 'browser':","        local.testRunBrowser = function (event) {","            if (!event || (event &&","                    event.currentTarget &&","                    event.currentTarget.className &&","                    event.currentTarget.className.includes &&","                    event.currentTarget.className.includes('onreset'))) {","                // reset output","                Array.from(","                    document.querySelectorAll('body > .resettable')","                ).forEach(function (element) {","                    switch (element.tagName) {","                    case 'INPUT':","                    case 'TEXTAREA':","                        element.value = '';","                        break;","                    default:","                        element.textContent = '';","                    }","                });","            }","            switch (event && event.currentTarget && event.currentTarget.id) {","            case 'testRunButton1':","                // show tests","                if (document.querySelector('#testReportDiv1').style.display === 'none') {","                    document.querySelector('#testReportDiv1').style.display = 'block';","                    document.querySelector('#testRunButton1').textContent =","                        'hide internal test';","                    local.modeTest = true;","                    local.testRunDefault(local);","                // hide tests","                } else {","                    document.querySelector('#testReportDiv1').style.display = 'none';","                    document.querySelector('#testRunButton1').textContent = 'run internal test';","                }","                break;","            // custom-case","            default:","                break;","            }","            if (document.querySelector('#inputTextareaEval1') && (!event || (event &&","                    event.currentTarget &&","                    event.currentTarget.className &&","                    event.currentTarget.className.includes &&","                    event.currentTarget.className.includes('oneval')))) {","                // try to eval input-code","                try {","                    /*jslint evil: true*/","                    eval(document.querySelector('#inputTextareaEval1').value);","                } catch (errorCaught) {","                    console.error(errorCaught);","                }","            }","        };","        // log stderr and stdout to #outputTextareaStdout1","        ['error', 'log'].forEach(function (key) {","            console[key + '_original'] = console[key];","            console[key] = function () {","                var element;","                console[key + '_original'].apply(console, arguments);","                element = document.querySelector('#outputTextareaStdout1');","                if (!element) {","                    return;","                }","                // append text to #outputTextareaStdout1","                element.value += Array.from(arguments).map(function (arg) {","                    return typeof arg === 'string'","                        ? arg","                        : JSON.stringify(arg, null, 4);","                }).join(' ') + '\\n';","                // scroll textarea to bottom","                element.scrollTop = element.scrollHeight;","            };","        });","        // init event-handling","        ['change', 'click', 'keyup'].forEach(function (event) {","            Array.from(document.querySelectorAll('.on' + event)).forEach(function (element) {","                element.addEventListener(event, local.testRunBrowser);","            });","        });","        // run tests","        local.testRunBrowser();","        break;","","","","    // run node js-env code - init-after","    /* istanbul ignore next */","    case 'node':","        // export local","        module.exports = local;","        // require modules","        local.fs = require('fs');","        local.http = require('http');","        local.url = require('url');","        // init assets","        local.assetsDict = local.assetsDict || {};","        /* jslint-ignore-begin */","        local.assetsDict['/assets.index.template.html'] = '\\","<!doctype html>\\n\\","<html lang=\"en\">\\n\\","<head>\\n\\","<meta charset=\"UTF-8\">\\n\\","<meta name=\"viewport\" content=\"width=device-width, initial-scale=1\">\\n\\","<title>{{env.npm_package_name}} (v{{env.npm_package_version}})</title>\\n\\","<style>\\n\\","/*csslint\\n\\","    box-sizing: false,\\n\\","    universal-selector: false\\n\\","*/\\n\\","* {\\n\\","    box-sizing: border-box;\\n\\","}\\n\\","body {\\n\\","    background: #dde;\\n\\","    font-family: Arial, Helvetica, sans-serif;\\n\\","    margin: 2rem;\\n\\","}\\n\\","body > * {\\n\\","    margin-bottom: 1rem;\\n\\","}\\n\\",".utility2FooterDiv {\\n\\","    margin-top: 20px;\\n\\","    text-align: center;\\n\\","}\\n\\","</style>\\n\\","<style>\\n\\","/*csslint\\n\\","*/\\n\\","textarea {\\n\\","    font-family: monospace;\\n\\","    height: 10rem;\\n\\","    width: 100%;\\n\\","}\\n\\","textarea[readonly] {\\n\\","    background: #ddd;\\n\\","}\\n\\","</style>\\n\\","</head>\\n\\","<body>\\n\\","<!-- utility2-comment\\n\\","<div id=\"ajaxProgressDiv1\" style=\"background: #d00; height: 2px; left: 0; margin: 0; padding: 0; position: fixed; top: 0; transition: background 0.5s, width 1.5s; width: 25%;\"></div>\\n\\","utility2-comment -->\\n\\","<h1>\\n\\","<!-- utility2-comment\\n\\","    <a\\n\\","        {{#if env.npm_package_homepage}}\\n\\","        href=\"{{env.npm_package_homepage}}\"\\n\\","        {{/if env.npm_package_homepage}}\\n\\","        target=\"_blank\"\\n\\","    >\\n\\","utility2-comment -->\\n\\","        {{env.npm_package_name}} (v{{env.npm_package_version}})\\n\\","<!-- utility2-comment\\n\\","    </a>\\n\\","utility2-comment -->\\n\\","</h1>\\n\\","<h3>{{env.npm_package_description}}</h3>\\n\\","<!-- utility2-comment\\n\\","<h4><a download href=\"assets.app.js\">download standalone app</a></h4>\\n\\","<button class=\"onclick onreset\" id=\"testRunButton1\">run internal test</button><br>\\n\\","<div id=\"testReportDiv1\" style=\"display: none;\"></div>\\n\\","utility2-comment -->\\n\\","\\n\\","\\n\\","\\n\\","<label>stderr and stdout</label>\\n\\","<textarea class=\"resettable\" id=\"outputTextareaStdout1\" readonly></textarea>\\n\\","<!-- utility2-comment\\n\\","{{#if isRollup}}\\n\\","<script src=\"assets.app.js\"></script>\\n\\","{{#unless isRollup}}\\n\\","utility2-comment -->\\n\\","<script src=\"assets.utility2.rollup.js\"></script>\\n\\","<script src=\"jsonp.utility2._stateInit?callback=window.utility2._stateInit\"></script>\\n\\","<script src=\"assets.npmtest_passport_facebook_token.rollup.js\"></script>\\n\\","<script src=\"assets.example.js\"></script>\\n\\","<script src=\"assets.test.js\"></script>\\n\\","<!-- utility2-comment\\n\\","{{/if isRollup}}\\n\\","utility2-comment -->\\n\\","<div class=\"utility2FooterDiv\">\\n\\","    [ this app was created with\\n\\","    <a href=\"https://github.com/kaizhu256/node-utility2\" target=\"_blank\">utility2</a>\\n\\","    ]\\n\\","</div>\\n\\","</body>\\n\\","</html>\\n\\","';","        /* jslint-ignore-end */","        if (local.templateRender) {","            local.assetsDict['/'] = local.templateRender(","                local.assetsDict['/assets.index.template.html'],","                {","                    env: local.objectSetDefault(local.env, {","                        npm_package_description: 'the greatest app in the world!',","                        npm_package_name: 'my-app',","                        npm_package_nameAlias: 'my_app',","                        npm_package_version: '0.0.1'","                    })","                }","            );","        } else {","            local.assetsDict['/'] = local.assetsDict['/assets.index.template.html']","                .replace((/\\{\\{env\\.(\\w+?)\\}\\}/g), function (match0, match1) {","                    // jslint-hack","                    String(match0);","                    switch (match1) {","                    case 'npm_package_description':","                        return 'the greatest app in the world!';","                    case 'npm_package_name':","                        return 'my-app';","                    case 'npm_package_nameAlias':","                        return 'my_app';","                    case 'npm_package_version':","                        return '0.0.1';","                    }","                });","        }","        // run the cli","        if (local.global.utility2_rollup || module !== require.main) {","            break;","        }","        local.assetsDict['/assets.example.js'] =","            local.assetsDict['/assets.example.js'] ||","            local.fs.readFileSync(__filename, 'utf8');","        // bug-workaround - long $npm_package_buildCustomOrg","        /* jslint-ignore-begin */","        local.assetsDict['/assets.npmtest_passport_facebook_token.rollup.js'] =","            local.assetsDict['/assets.npmtest_passport_facebook_token.rollup.js'] ||","            local.fs.readFileSync(","                local.npmtest_passport_facebook_token.__dirname + '/lib.npmtest_passport_facebook_token.js',","                'utf8'","            ).replace((/^#!/), '//');","        /* jslint-ignore-end */","        local.assetsDict['/favicon.ico'] = local.assetsDict['/favicon.ico'] || '';","        // if $npm_config_timeout_exit exists,","        // then exit this process after $npm_config_timeout_exit ms","        if (Number(process.env.npm_config_timeout_exit)) {","            setTimeout(process.exit, Number(process.env.npm_config_timeout_exit));","        }","        // start server","        if (local.global.utility2_serverHttp1) {","            break;","        }","        process.env.PORT = process.env.PORT || '8081';","        console.error('server starting on port ' + process.env.PORT);","        local.http.createServer(function (request, response) {","            request.urlParsed = local.url.parse(request.url);","            if (local.assetsDict[request.urlParsed.pathname] !== undefined) {","                response.end(local.assetsDict[request.urlParsed.pathname]);","                return;","            }","            response.statusCode = 404;","            response.end();","        }).listen(process.env.PORT);","        break;","    }","}());",""],"l":{"26":2,"28":2,"33":2,"35":2,"37":2,"38":2,"39":2,"44":1,"51":2,"55":2,"59":2,"61":2,"69":1,"70":2,"76":2,"79":2,"82":2,"83":2,"85":1,"89":2,"92":1,"93":1,"94":1,"96":1,"97":1,"100":1,"101":1,"103":1,"106":1,"108":2,"114":1,"116":1,"118":1,"123":1,"124":2,"125":2,"126":3,"127":3,"128":3,"129":3,"130":1,"133":3,"134":3,"139":3,"143":1,"144":3,"145":1,"149":1,"150":1,"158":1,"160":1,"161":1,"162":1,"164":1,"166":1,"258":1,"259":1,"271":1,"274":6,"275":6,"277":1,"279":2,"281":1,"283":2,"288":1,"289":1,"291":1,"296":1,"303":1,"306":1,"307":1,"310":1,"311":1,"313":1,"314":1,"315":1,"316":1,"317":1,"318":1,"319":1,"321":1,"322":1,"324":1}},"/home/travis/build/npmtest/node-npmtest-passport-facebook-token/node_modules/passport-facebook-token/lib/index.js":{"path":"/home/travis/build/npmtest/node-npmtest-passport-facebook-token/node_modules/passport-facebook-token/lib/index.js","s":{"1":1,"2":1,"3":1,"4":2,"5":5,"6":5,"7":5,"8":5,"9":5,"10":5,"11":1,"12":1,"13":1,"14":1,"15":1,"16":1,"17":1,"18":1,"19":1,"20":1,"21":1,"22":1,"23":2,"24":1,"25":0,"26":0,"27":1,"28":0,"29":0,"30":0,"31":1,"32":1,"33":0,"34":1,"35":1,"36":1,"37":1,"38":1,"39":1,"40":0,"41":0,"42":0,"43":0,"44":0,"45":0,"46":0,"47":0,"48":0,"49":0,"50":0,"51":0,"52":0,"53":0,"54":0,"55":0,"56":0,"57":0,"58":0,"59":1,"60":0,"61":0,"62":0,"63":0,"64":0,"65":0,"66":0,"67":0,"68":0,"69":0,"70":0,"71":0,"72":0,"73":0,"74":0,"75":0,"76":0,"77":0,"78":0,"79":0,"80":0,"81":0,"82":0,"83":0,"84":0,"85":0,"86":0,"87":0,"88":0,"89":0,"90":0,"91":0,"92":0,"93":0,"94":0,"95":0,"96":0,"97":0,"98":0,"99":0,"100":0,"101":0,"102":0,"103":0,"104":0,"105":0,"106":0,"107":0,"108":0,"109":0,"110":0,"111":0,"112":1,"113":1,"114":1},"b":{"1":[5,5],"2":[5,0],"3":[1,0],"4":[1,0],"5":[0,2],"6":[2,2],"7":[0,0],"8":[0,0],"9":[0,0],"10":[0,0,0],"11":[0,1],"12":[1,0],"13":[1,1],"14":[1,0],"15":[1,0],"16":[0,0],"17":[0,0],"18":[0,0],"19":[0,0],"20":[0,0],"21":[0,0],"22":[0,0],"23":[0,0],"24":[0,0],"25":[0,0],"26":[0,0],"27":[0,0],"28":[0,0],"29":[0,0],"30":[0,0],"31":[0,0],"32":[0,0],"33":[0,0],"34":[0,0],"35":[0,0],"36":[0,0],"37":[0,0],"38":[0,0],"39":[0,0],"40":[0,0],"41":[0,0],"42":[0,0],"43":[0,0],"44":[0,0],"45":[0,0],"46":[0,0,0],"47":[0,0],"48":[0,0],"49":[0,0,0,0,0,0,0,0],"50":[0,0],"51":[0,0]},"f":{"1":1,"2":2,"3":1,"4":2,"5":0,"6":0,"7":1,"8":1,"9":0,"10":0,"11":0,"12":0,"13":0,"14":0,"15":0,"16":0,"17":0,"18":0,"19":0},"fnMap":{"1":{"name":"(anonymous_1)","line":7,"loc":{"start":{"line":7,"column":19},"end":{"line":7,"column":31}}},"2":{"name":"defineProperties","line":7,"loc":{"start":{"line":7,"column":33},"end":{"line":7,"column":74}}},"3":{"name":"(anonymous_3)","line":7,"loc":{"start":{"line":7,"column":357},"end":{"line":7,"column":405}}},"4":{"name":"_interopRequireDefault","line":19,"loc":{"start":{"line":19,"column":0},"end":{"line":19,"column":37}}},"5":{"name":"_classCallCheck","line":21,"loc":{"start":{"line":21,"column":0},"end":{"line":21,"column":48}}},"6":{"name":"_possibleConstructorReturn","line":23,"loc":{"start":{"line":23,"column":0},"end":{"line":23,"column":48}}},"7":{"name":"_inherits","line":25,"loc":{"start":{"line":25,"column":0},"end":{"line":25,"column":41}}},"8":{"name":"(anonymous_8)","line":49,"loc":{"start":{"line":49,"column":28},"end":{"line":49,"column":55}}},"9":{"name":"FacebookTokenStrategy","line":52,"loc":{"start":{"line":52,"column":2},"end":{"line":52,"column":52}}},"10":{"name":"authenticate","line":87,"loc":{"start":{"line":87,"column":11},"end":{"line":87,"column":47}}},"11":{"name":"(anonymous_11)","line":95,"loc":{"start":{"line":95,"column":41},"end":{"line":95,"column":67}}},"12":{"name":"verified","line":98,"loc":{"start":{"line":98,"column":23},"end":{"line":98,"column":60}}},"13":{"name":"userProfile","line":135,"loc":{"start":{"line":135,"column":11},"end":{"line":135,"column":51}}},"14":{"name":"(anonymous_14)","line":154,"loc":{"start":{"line":154,"column":48},"end":{"line":154,"column":76}}},"15":{"name":"parseOAuth2Token","line":204,"loc":{"start":{"line":204,"column":11},"end":{"line":204,"column":42}}},"16":{"name":"(anonymous_16)","line":208,"loc":{"start":{"line":208,"column":28},"end":{"line":208,"column":40}}},"17":{"name":"lookup","line":227,"loc":{"start":{"line":227,"column":11},"end":{"line":227,"column":39}}},"18":{"name":"convertProfileFields","line":239,"loc":{"start":{"line":239,"column":11},"end":{"line":239,"column":57}}},"19":{"name":"(anonymous_19)","line":251,"loc":{"start":{"line":251,"column":34},"end":{"line":251,"column":56}}}},"statementMap":{"1":{"start":{"line":3,"column":0},"end":{"line":5,"column":3}},"2":{"start":{"line":7,"column":0},"end":{"line":7,"column":564}},"3":{"start":{"line":7,"column":33},"end":{"line":7,"column":349}},"4":{"start":{"line":7,"column":76},"end":{"line":7,"column":347}},"5":{"start":{"line":7,"column":117},"end":{"line":7,"column":143}},"6":{"start":{"line":7,"column":144},"end":{"line":7,"column":199}},"7":{"start":{"line":7,"column":200},"end":{"line":7,"column":231}},"8":{"start":{"line":7,"column":232},"end":{"line":7,"column":286}},"9":{"start":{"line":7,"column":259},"end":{"line":7,"column":286}},"10":{"start":{"line":7,"column":287},"end":{"line":7,"column":345}},"11":{"start":{"line":7,"column":350},"end":{"line":7,"column":559}},"12":{"start":{"line":7,"column":407},"end":{"line":7,"column":475}},"13":{"start":{"line":7,"column":423},"end":{"line":7,"column":475}},"14":{"start":{"line":7,"column":476},"end":{"line":7,"column":536}},"15":{"start":{"line":7,"column":493},"end":{"line":7,"column":536}},"16":{"start":{"line":7,"column":537},"end":{"line":7,"column":556}},"17":{"start":{"line":9,"column":0},"end":{"line":9,"column":26}},"18":{"start":{"line":11,"column":0},"end":{"line":11,"column":41}},"19":{"start":{"line":13,"column":0},"end":{"line":13,"column":32}},"20":{"start":{"line":15,"column":0},"end":{"line":15,"column":47}},"21":{"start":{"line":17,"column":0},"end":{"line":17,"column":47}},"22":{"start":{"line":19,"column":0},"end":{"line":19,"column":95}},"23":{"start":{"line":19,"column":39},"end":{"line":19,"column":93}},"24":{"start":{"line":21,"column":0},"end":{"line":21,"column":153}},"25":{"start":{"line":21,"column":50},"end":{"line":21,"column":151}},"26":{"start":{"line":21,"column":92},"end":{"line":21,"column":149}},"27":{"start":{"line":23,"column":0},"end":{"line":23,"column":240}},"28":{"start":{"line":23,"column":50},"end":{"line":23,"column":151}},"29":{"start":{"line":23,"column":63},"end":{"line":23,"column":149}},"30":{"start":{"line":23,"column":152},"end":{"line":23,"column":238}},"31":{"start":{"line":25,"column":0},"end":{"line":25,"column":494}},"32":{"start":{"line":25,"column":43},"end":{"line":25,"column":208}},"33":{"start":{"line":25,"column":106},"end":{"line":25,"column":206}},"34":{"start":{"line":25,"column":209},"end":{"line":25,"column":373}},"35":{"start":{"line":25,"column":374},"end":{"line":25,"column":492}},"36":{"start":{"line":25,"column":390},"end":{"line":25,"column":492}},"37":{"start":{"line":49,"column":0},"end":{"line":258,"column":33}},"38":{"start":{"line":50,"column":2},"end":{"line":50,"column":52}},"39":{"start":{"line":52,"column":2},"end":{"line":76,"column":3}},"40":{"start":{"line":53,"column":4},"end":{"line":53,"column":49}},"41":{"start":{"line":55,"column":4},"end":{"line":55,"column":33}},"42":{"start":{"line":56,"column":4},"end":{"line":56,"column":25}},"43":{"start":{"line":57,"column":4},"end":{"line":57,"column":59}},"44":{"start":{"line":59,"column":4},"end":{"line":59,"column":123}},"45":{"start":{"line":60,"column":4},"end":{"line":60,"column":115}},"46":{"start":{"line":62,"column":4},"end":{"line":62,"column":123}},"47":{"start":{"line":64,"column":4},"end":{"line":64,"column":34}},"48":{"start":{"line":65,"column":4},"end":{"line":65,"column":73}},"49":{"start":{"line":66,"column":4},"end":{"line":66,"column":76}},"50":{"start":{"line":67,"column":4},"end":{"line":67,"column":102}},"51":{"start":{"line":68,"column":4},"end":{"line":68,"column":92}},"52":{"start":{"line":69,"column":4},"end":{"line":69,"column":53}},"53":{"start":{"line":70,"column":4},"end":{"line":70,"column":47}},"54":{"start":{"line":71,"column":4},"end":{"line":71,"column":95}},"55":{"start":{"line":72,"column":4},"end":{"line":72,"column":57}},"56":{"start":{"line":73,"column":4},"end":{"line":73,"column":54}},"57":{"start":{"line":74,"column":4},"end":{"line":74,"column":44}},"58":{"start":{"line":75,"column":4},"end":{"line":75,"column":17}},"59":{"start":{"line":85,"column":2},"end":{"line":255,"column":6}},"60":{"start":{"line":88,"column":6},"end":{"line":88,"column":24}},"61":{"start":{"line":90,"column":6},"end":{"line":90,"column":65}},"62":{"start":{"line":91,"column":6},"end":{"line":91,"column":67}},"63":{"start":{"line":93,"column":6},"end":{"line":93,"column":102}},"64":{"start":{"line":93,"column":24},"end":{"line":93,"column":102}},"65":{"start":{"line":95,"column":6},"end":{"line":110,"column":9}},"66":{"start":{"line":96,"column":8},"end":{"line":96,"column":46}},"67":{"start":{"line":96,"column":19},"end":{"line":96,"column":46}},"68":{"start":{"line":98,"column":8},"end":{"line":103,"column":10}},"69":{"start":{"line":99,"column":10},"end":{"line":99,"column":48}},"70":{"start":{"line":99,"column":21},"end":{"line":99,"column":48}},"71":{"start":{"line":100,"column":10},"end":{"line":100,"column":46}},"72":{"start":{"line":100,"column":21},"end":{"line":100,"column":46}},"73":{"start":{"line":102,"column":10},"end":{"line":102,"column":44}},"74":{"start":{"line":105,"column":8},"end":{"line":109,"column":9}},"75":{"start":{"line":106,"column":10},"end":{"line":106,"column":76}},"76":{"start":{"line":108,"column":10},"end":{"line":108,"column":71}},"77":{"start":{"line":136,"column":6},"end":{"line":136,"column":24}},"78":{"start":{"line":138,"column":6},"end":{"line":138,"column":61}},"79":{"start":{"line":141,"column":6},"end":{"line":144,"column":7}},"80":{"start":{"line":142,"column":8},"end":{"line":142,"column":112}},"81":{"start":{"line":143,"column":8},"end":{"line":143,"column":128}},"82":{"start":{"line":147,"column":6},"end":{"line":150,"column":7}},"83":{"start":{"line":148,"column":8},"end":{"line":148,"column":85}},"84":{"start":{"line":149,"column":8},"end":{"line":149,"column":100}},"85":{"start":{"line":152,"column":6},"end":{"line":152,"column":52}},"86":{"start":{"line":154,"column":6},"end":{"line":191,"column":9}},"87":{"start":{"line":155,"column":8},"end":{"line":155,"column":109}},"88":{"start":{"line":155,"column":19},"end":{"line":155,"column":109}},"89":{"start":{"line":157,"column":8},"end":{"line":190,"column":9}},"90":{"start":{"line":158,"column":10},"end":{"line":158,"column":38}},"91":{"start":{"line":161,"column":10},"end":{"line":161,"column":130}},"92":{"start":{"line":162,"column":10},"end":{"line":162,"column":98}},"93":{"start":{"line":162,"column":42},"end":{"line":162,"column":98}},"94":{"start":{"line":163,"column":10},"end":{"line":163,"column":150}},"95":{"start":{"line":163,"column":43},"end":{"line":163,"column":150}},"96":{"start":{"line":164,"column":10},"end":{"line":164,"column":84}},"97":{"start":{"line":165,"column":10},"end":{"line":165,"column":52}},"98":{"start":{"line":167,"column":10},"end":{"line":185,"column":12}},"99":{"start":{"line":187,"column":10},"end":{"line":187,"column":30}},"100":{"start":{"line":189,"column":10},"end":{"line":189,"column":18}},"101":{"start":{"line":205,"column":6},"end":{"line":205,"column":53}},"102":{"start":{"line":206,"column":6},"end":{"line":206,"column":134}},"103":{"start":{"line":208,"column":6},"end":{"line":212,"column":10}},"104":{"start":{"line":209,"column":8},"end":{"line":209,"column":38}},"105":{"start":{"line":210,"column":8},"end":{"line":210,"column":47}},"106":{"start":{"line":211,"column":8},"end":{"line":211,"column":33}},"107":{"start":{"line":228,"column":6},"end":{"line":228,"column":179}},"108":{"start":{"line":240,"column":6},"end":{"line":240,"column":47}},"109":{"start":{"line":241,"column":6},"end":{"line":249,"column":8}},"110":{"start":{"line":251,"column":6},"end":{"line":253,"column":23}},"111":{"start":{"line":252,"column":8},"end":{"line":252,"column":47}},"112":{"start":{"line":257,"column":2},"end":{"line":257,"column":31}},"113":{"start":{"line":260,"column":0},"end":{"line":260,"column":40}},"114":{"start":{"line":261,"column":0},"end":{"line":261,"column":36}}},"branchMap":{"1":{"line":7,"type":"binary-expr","locations":[{"start":{"line":7,"column":168},"end":{"line":7,"column":189}},{"start":{"line":7,"column":193},"end":{"line":7,"column":198}}]},"2":{"line":7,"type":"if","locations":[{"start":{"line":7,"column":232},"end":{"line":7,"column":232}},{"start":{"line":7,"column":232},"end":{"line":7,"column":232}}]},"3":{"line":7,"type":"if","locations":[{"start":{"line":7,"column":407},"end":{"line":7,"column":407}},{"start":{"line":7,"column":407},"end":{"line":7,"column":407}}]},"4":{"line":7,"type":"if","locations":[{"start":{"line":7,"column":476},"end":{"line":7,"column":476}},{"start":{"line":7,"column":476},"end":{"line":7,"column":476}}]},"5":{"line":19,"type":"cond-expr","locations":[{"start":{"line":19,"column":70},"end":{"line":19,"column":73}},{"start":{"line":19,"column":76},"end":{"line":19,"column":92}}]},"6":{"line":19,"type":"binary-expr","locations":[{"start":{"line":19,"column":46},"end":{"line":19,"column":49}},{"start":{"line":19,"column":53},"end":{"line":19,"column":67}}]},"7":{"line":21,"type":"if","locations":[{"start":{"line":21,"column":50},"end":{"line":21,"column":50}},{"start":{"line":21,"column":50},"end":{"line":21,"column":50}}]},"8":{"line":23,"type":"if","locations":[{"start":{"line":23,"column":50},"end":{"line":23,"column":50}},{"start":{"line":23,"column":50},"end":{"line":23,"column":50}}]},"9":{"line":23,"type":"cond-expr","locations":[{"start":{"line":23,"column":226},"end":{"line":23,"column":230}},{"start":{"line":23,"column":233},"end":{"line":23,"column":237}}]},"10":{"line":23,"type":"binary-expr","locations":[{"start":{"line":23,"column":159},"end":{"line":23,"column":163}},{"start":{"line":23,"column":168},"end":{"line":23,"column":192}},{"start":{"line":23,"column":196},"end":{"line":23,"column":222}}]},"11":{"line":25,"type":"if","locations":[{"start":{"line":25,"column":43},"end":{"line":25,"column":43}},{"start":{"line":25,"column":43},"end":{"line":25,"column":43}}]},"12":{"line":25,"type":"binary-expr","locations":[{"start":{"line":25,"column":47},"end":{"line":25,"column":79}},{"start":{"line":25,"column":83},"end":{"line":25,"column":102}}]},"13":{"line":25,"type":"binary-expr","locations":[{"start":{"line":25,"column":244},"end":{"line":25,"column":254}},{"start":{"line":25,"column":258},"end":{"line":25,"column":278}}]},"14":{"line":25,"type":"if","locations":[{"start":{"line":25,"column":374},"end":{"line":25,"column":374}},{"start":{"line":25,"column":374},"end":{"line":25,"column":374}}]},"15":{"line":25,"type":"cond-expr","locations":[{"start":{"line":25,"column":414},"end":{"line":25,"column":457}},{"start":{"line":25,"column":460},"end":{"line":25,"column":491}}]},"16":{"line":55,"type":"binary-expr","locations":[{"start":{"line":55,"column":18},"end":{"line":55,"column":26}},{"start":{"line":55,"column":30},"end":{"line":55,"column":32}}]},"17":{"line":57,"type":"binary-expr","locations":[{"start":{"line":57,"column":26},"end":{"line":57,"column":48}},{"start":{"line":57,"column":52},"end":{"line":57,"column":58}}]},"18":{"line":59,"type":"binary-expr","locations":[{"start":{"line":59,"column":31},"end":{"line":59,"column":55}},{"start":{"line":59,"column":59},"end":{"line":59,"column":122}}]},"19":{"line":60,"type":"binary-expr","locations":[{"start":{"line":60,"column":23},"end":{"line":60,"column":39}},{"start":{"line":60,"column":43},"end":{"line":60,"column":114}}]},"20":{"line":65,"type":"binary-expr","locations":[{"start":{"line":65,"column":30},"end":{"line":65,"column":54}},{"start":{"line":65,"column":58},"end":{"line":65,"column":72}}]},"21":{"line":66,"type":"binary-expr","locations":[{"start":{"line":66,"column":31},"end":{"line":66,"column":56}},{"start":{"line":66,"column":60},"end":{"line":66,"column":75}}]},"22":{"line":67,"type":"binary-expr","locations":[{"start":{"line":67,"column":24},"end":{"line":67,"column":42}},{"start":{"line":67,"column":46},"end":{"line":67,"column":101}}]},"23":{"line":68,"type":"binary-expr","locations":[{"start":{"line":68,"column":27},"end":{"line":68,"column":48}},{"start":{"line":68,"column":52},"end":{"line":68,"column":91}}]},"24":{"line":69,"type":"binary-expr","locations":[{"start":{"line":69,"column":26},"end":{"line":69,"column":46}},{"start":{"line":69,"column":50},"end":{"line":69,"column":52}}]},"25":{"line":71,"type":"cond-expr","locations":[{"start":{"line":71,"column":68},"end":{"line":71,"column":87}},{"start":{"line":71,"column":90},"end":{"line":71,"column":94}}]},"26":{"line":93,"type":"if","locations":[{"start":{"line":93,"column":6},"end":{"line":93,"column":6}},{"start":{"line":93,"column":6},"end":{"line":93,"column":6}}]},"27":{"line":96,"type":"if","locations":[{"start":{"line":96,"column":8},"end":{"line":96,"column":8}},{"start":{"line":96,"column":8},"end":{"line":96,"column":8}}]},"28":{"line":99,"type":"if","locations":[{"start":{"line":99,"column":10},"end":{"line":99,"column":10}},{"start":{"line":99,"column":10},"end":{"line":99,"column":10}}]},"29":{"line":100,"type":"if","locations":[{"start":{"line":100,"column":10},"end":{"line":100,"column":10}},{"start":{"line":100,"column":10},"end":{"line":100,"column":10}}]},"30":{"line":105,"type":"if","locations":[{"start":{"line":105,"column":8},"end":{"line":105,"column":8}},{"start":{"line":105,"column":8},"end":{"line":105,"column":8}}]},"31":{"line":141,"type":"if","locations":[{"start":{"line":141,"column":6},"end":{"line":141,"column":6}},{"start":{"line":141,"column":6},"end":{"line":141,"column":6}}]},"32":{"line":143,"type":"cond-expr","locations":[{"start":{"line":143,"column":49},"end":{"line":143,"column":72}},{"start":{"line":143,"column":75},"end":{"line":143,"column":77}}]},"33":{"line":147,"type":"if","locations":[{"start":{"line":147,"column":6},"end":{"line":147,"column":6}},{"start":{"line":147,"column":6},"end":{"line":147,"column":6}}]},"34":{"line":149,"type":"cond-expr","locations":[{"start":{"line":149,"column":49},"end":{"line":149,"column":72}},{"start":{"line":149,"column":75},"end":{"line":149,"column":77}}]},"35":{"line":155,"type":"if","locations":[{"start":{"line":155,"column":8},"end":{"line":155,"column":8}},{"start":{"line":155,"column":8},"end":{"line":155,"column":8}}]},"36":{"line":162,"type":"if","locations":[{"start":{"line":162,"column":10},"end":{"line":162,"column":10}},{"start":{"line":162,"column":10},"end":{"line":162,"column":10}}]},"37":{"line":163,"type":"if","locations":[{"start":{"line":163,"column":10},"end":{"line":163,"column":10}},{"start":{"line":163,"column":10},"end":{"line":163,"column":10}}]},"38":{"line":163,"type":"cond-expr","locations":[{"start":{"line":163,"column":80},"end":{"line":163,"column":101}},{"start":{"line":163,"column":104},"end":{"line":163,"column":106}}]},"39":{"line":164,"type":"cond-expr","locations":[{"start":{"line":164,"column":52},"end":{"line":164,"column":67}},{"start":{"line":164,"column":70},"end":{"line":164,"column":82}}]},"40":{"line":170,"type":"binary-expr","locations":[{"start":{"line":170,"column":25},"end":{"line":170,"column":34}},{"start":{"line":170,"column":38},"end":{"line":170,"column":40}}]},"41":{"line":172,"type":"binary-expr","locations":[{"start":{"line":172,"column":26},"end":{"line":172,"column":40}},{"start":{"line":172,"column":44},"end":{"line":172,"column":46}}]},"42":{"line":173,"type":"binary-expr","locations":[{"start":{"line":173,"column":25},"end":{"line":173,"column":40}},{"start":{"line":173,"column":44},"end":{"line":173,"column":46}}]},"43":{"line":174,"type":"binary-expr","locations":[{"start":{"line":174,"column":26},"end":{"line":174,"column":42}},{"start":{"line":174,"column":46},"end":{"line":174,"column":48}}]},"44":{"line":176,"type":"binary-expr","locations":[{"start":{"line":176,"column":20},"end":{"line":176,"column":31}},{"start":{"line":176,"column":35},"end":{"line":176,"column":37}}]},"45":{"line":178,"type":"binary-expr","locations":[{"start":{"line":178,"column":21},"end":{"line":178,"column":31}},{"start":{"line":178,"column":35},"end":{"line":178,"column":37}}]},"46":{"line":206,"type":"binary-expr","locations":[{"start":{"line":206,"column":24},"end":{"line":206,"column":35}},{"start":{"line":206,"column":40},"end":{"line":206,"column":77}},{"start":{"line":206,"column":81},"end":{"line":206,"column":132}}]},"47":{"line":208,"type":"binary-expr","locations":[{"start":{"line":208,"column":13},"end":{"line":208,"column":24}},{"start":{"line":208,"column":28},"end":{"line":212,"column":9}}]},"48":{"line":211,"type":"binary-expr","locations":[{"start":{"line":211,"column":15},"end":{"line":211,"column":20}},{"start":{"line":211,"column":24},"end":{"line":211,"column":32}}]},"49":{"line":228,"type":"binary-expr","locations":[{"start":{"line":228,"column":13},"end":{"line":228,"column":21}},{"start":{"line":228,"column":25},"end":{"line":228,"column":40}},{"start":{"line":228,"column":44},"end":{"line":228,"column":53}},{"start":{"line":228,"column":57},"end":{"line":228,"column":73}},{"start":{"line":228,"column":77},"end":{"line":228,"column":88}},{"start":{"line":228,"column":93},"end":{"line":228,"column":111}},{"start":{"line":228,"column":115},"end":{"line":228,"column":147}},{"start":{"line":228,"column":152},"end":{"line":228,"column":178}}]},"50":{"line":240,"type":"binary-expr","locations":[{"start":{"line":240,"column":26},"end":{"line":240,"column":40}},{"start":{"line":240,"column":44},"end":{"line":240,"column":46}}]},"51":{"line":252,"type":"binary-expr","locations":[{"start":{"line":252,"column":26},"end":{"line":252,"column":36}},{"start":{"line":252,"column":40},"end":{"line":252,"column":45}}]}},"code":["'use strict';","","Object.defineProperty(exports, \"__esModule\", {","  value: true","});","","var _createClass = function () { function defineProperties(target, props) { for (var i = 0; i < props.length; i++) { var descriptor = props[i]; descriptor.enumerable = descriptor.enumerable || false; descriptor.configurable = true; if (\"value\" in descriptor) descriptor.writable = true; Object.defineProperty(target, descriptor.key, descriptor); } } return function (Constructor, protoProps, staticProps) { if (protoProps) defineProperties(Constructor.prototype, protoProps); if (staticProps) defineProperties(Constructor, staticProps); return Constructor; }; }();","","var _url = require('url');","","var _url2 = _interopRequireDefault(_url);","","var _crypto = require('crypto');","","var _crypto2 = _interopRequireDefault(_crypto);","","var _passportOauth = require('passport-oauth');","","function _interopRequireDefault(obj) { return obj && obj.__esModule ? obj : { default: obj }; }","","function _classCallCheck(instance, Constructor) { if (!(instance instanceof Constructor)) { throw new TypeError(\"Cannot call a class as a function\"); } }","","function _possibleConstructorReturn(self, call) { if (!self) { throw new ReferenceError(\"this hasn't been initialised - super() hasn't been called\"); } return call && (typeof call === \"object\" || typeof call === \"function\") ? call : self; }","","function _inherits(subClass, superClass) { if (typeof superClass !== \"function\" && superClass !== null) { throw new TypeError(\"Super expression must either be null or a function, not \" + typeof superClass); } subClass.prototype = Object.create(superClass && superClass.prototype, { constructor: { value: subClass, enumerable: false, writable: true, configurable: true } }); if (superClass) Object.setPrototypeOf ? Object.setPrototypeOf(subClass, superClass) : subClass.__proto__ = superClass; }","","/**"," * `FacebookTokenStrategy` constructor."," *"," * The Facebook authentication strategy authenticates requests by delegating to"," * Facebook using the OAuth 2.0 protocol."," *"," * Applications must supply a `verify` callback which accepts an `accessToken`,"," * `refreshToken` and service-specific `profile`, and then calls the `done`"," * callback supplying a `user`, which should be set to `false` if the"," * credentials are not valid.  If an exception occurred, `error` should be set."," *"," * @param {Object} options"," * @param {Function} verify"," * @example"," * passport.use(new FacebookTokenStrategy({"," *   clientID: '123456789',"," *   clientSecret: 'shhh-its-a-secret'"," * }), (accessToken, refreshToken, profile, done) => {"," *   User.findOrCreate({facebookId: profile.id}, done);"," * });"," */","","var FacebookTokenStrategy = function (_OAuth2Strategy) {","  _inherits(FacebookTokenStrategy, _OAuth2Strategy);","","  function FacebookTokenStrategy(_options, _verify) {","    _classCallCheck(this, FacebookTokenStrategy);","","    var options = _options || {};","    var verify = _verify;","    var _fbGraphVersion = options.fbGraphVersion || 'v2.6';","","    options.authorizationURL = options.authorizationURL || 'https://www.facebook.com/' + _fbGraphVersion + '/dialog/oauth';","    options.tokenURL = options.tokenURL || 'https://graph.facebook.com/' + _fbGraphVersion + '/oauth/access_token';","","    var _this = _possibleConstructorReturn(this, Object.getPrototypeOf(FacebookTokenStrategy).call(this, options, verify));","","    _this.name = 'facebook-token';","    _this._accessTokenField = options.accessTokenField || 'access_token';","    _this._refreshTokenField = options.refreshTokenField || 'refresh_token';","    _this._profileURL = options.profileURL || 'https://graph.facebook.com/' + _fbGraphVersion + '/me';","    _this._profileFields = options.profileFields || ['id', 'displayName', 'name', 'emails'];","    _this._profileImage = options.profileImage || {};","    _this._clientSecret = options.clientSecret;","    _this._enableProof = typeof options.enableProof === 'boolean' ? options.enableProof : true;","    _this._passReqToCallback = options.passReqToCallback;","    _this._oauth2.useAuthorizationHeaderforGET(false);","    _this._fbGraphVersion = _fbGraphVersion;","    return _this;","  }","","  /**","   * Authenticate request by delegating to a service provider using OAuth 2.0.","   * @param {Object} req","   * @param {Object} options","   */","","","  _createClass(FacebookTokenStrategy, [{","    key: 'authenticate',","    value: function authenticate(req, options) {","      var _this2 = this;","","      var accessToken = this.lookup(req, this._accessTokenField);","      var refreshToken = this.lookup(req, this._refreshTokenField);","","      if (!accessToken) return this.fail({ message: 'You should provide ' + this._accessTokenField });","","      this._loadUserProfile(accessToken, function (error, profile) {","        if (error) return _this2.error(error);","","        var verified = function verified(error, user, info) {","          if (error) return _this2.error(error);","          if (!user) return _this2.fail(info);","","          return _this2.success(user, info);","        };","","        if (_this2._passReqToCallback) {","          _this2._verify(req, accessToken, refreshToken, profile, verified);","        } else {","          _this2._verify(accessToken, refreshToken, profile, verified);","        }","      });","    }","","    /**","     * Retrieve user profile from Facebook.","     *","     * This function constructs a normalized profile, with the following properties:","     *","     *   - `provider`         always set to `facebook`","     *   - `id`               the user's Facebook ID","     *   - `username`         the user's Facebook username","     *   - `displayName`      the user's full name","     *   - `name.familyName`  the user's last name","     *   - `name.givenName`   the user's first name","     *   - `name.middleName`  the user's middle name","     *   - `gender`           the user's gender: `male` or `female`","     *   - `profileUrl`       the URL of the profile for the user on Facebook","     *   - `emails`           the proxied or contact email address granted by the user","     *","     * @param {String} accessToken","     * @param {Function} done","     */","","  }, {","    key: 'userProfile',","    value: function userProfile(accessToken, done) {","      var _this3 = this;","","      var profileURL = _url2.default.parse(this._profileURL);","","      // For further details, refer to https://developers.facebook.com/docs/reference/api/securing-graph-api/","      if (this._enableProof) {","        var proof = _crypto2.default.createHmac('sha256', this._clientSecret).update(accessToken).digest('hex');","        profileURL.search = (profileURL.search ? profileURL.search + '&' : '') + 'appsecret_proof=' + encodeURIComponent(proof);","      }","","      // Parse profile fields","      if (this._profileFields) {","        var fields = FacebookTokenStrategy.convertProfileFields(this._profileFields);","        profileURL.search = (profileURL.search ? profileURL.search + '&' : '') + 'fields=' + fields;","      }","","      profileURL = _url2.default.format(profileURL);","","      this._oauth2.get(profileURL, accessToken, function (error, body, res) {","        if (error) return done(new _passportOauth.InternalOAuthError('Failed to fetch user profile', error));","","        try {","          var json = JSON.parse(body);","","          // Get image URL based on profileImage options","          var imageUrl = _url2.default.parse('https://graph.facebook.com/' + _this3._fbGraphVersion + '/' + json.id + '/picture');","          if (_this3._profileImage.width) imageUrl.search = 'width=' + _this3._profileImage.width;","          if (_this3._profileImage.height) imageUrl.search = (imageUrl.search ? imageUrl.search + '&' : '') + 'height=' + _this3._profileImage.height;","          imageUrl.search = '' + (imageUrl.search ? imageUrl.search : 'type=large');","          imageUrl = _url2.default.format(imageUrl);","","          var profile = {","            provider: 'facebook',","            id: json.id,","            displayName: json.name || '',","            name: {","              familyName: json.last_name || '',","              givenName: json.first_name || '',","              middleName: json.middle_name || ''","            },","            gender: json.gender || '',","            emails: [{","              value: json.email || ''","            }],","            photos: [{","              value: imageUrl","            }],","            _raw: body,","            _json: json","          };","","          done(null, profile);","        } catch (e) {","          done(e);","        }","      });","    }","","    /**","     * Parses an OAuth2 RFC6750 bearer authorization token, this method additionally is RFC 2616 compliant and respects","     * case insensitive headers.","     *","     * @param {Object} req http request object","     * @returns {String} value for field within body, query, or headers","     */","","  }, {","    key: 'parseOAuth2Token',","    value: function parseOAuth2Token(req) {","      var OAuth2AuthorizationField = 'Authorization';","      var headerValue = req.headers && (req.headers[OAuth2AuthorizationField] || req.headers[OAuth2AuthorizationField.toLowerCase()]);","","      return headerValue && function () {","        var bearerRE = /Bearer\\ (.*)/;","        var match = bearerRE.exec(headerValue);","        return match && match[1];","      }();","    }","","    /**","     * Performs a lookup of the param field within the request, this method handles searhing the body, query, and header.","     * Additionally this method is RFC 2616 compliant and allows for case insensitive headers. This method additionally will","     * delegate outwards to the OAuth2Token parser to validate whether a OAuth2 bearer token has been provided.","     *","     * @param {Object} req http request object","     * @param {String} field","     * @returns {String} value for field within body, query, or headers","     */","","  }, {","    key: 'lookup',","    value: function lookup(req, field) {","      return req.body && req.body[field] || req.query && req.query[field] || req.headers && (req.headers[field] || req.headers[field.toLowerCase()]) || this.parseOAuth2Token(req);","    }","","    /**","     * Converts array of profile fields to string","     * @param {Array} _profileFields Profile fields i.e. ['id', 'email']","     * @returns {String}","     */","","  }], [{","    key: 'convertProfileFields',","    value: function convertProfileFields(_profileFields) {","      var profileFields = _profileFields || [];","      var map = {","        'id': 'id',","        'displayName': 'name',","        'name': ['last_name', 'first_name', 'middle_name'],","        'gender': 'gender',","        'profileUrl': 'link',","        'emails': 'email',","        'photos': 'picture'","      };","","      return profileFields.reduce(function (acc, field) {","        return acc.concat(map[field] || field);","      }, []).join(',');","    }","  }]);","","  return FacebookTokenStrategy;","}(_passportOauth.OAuth2Strategy);","","exports.default = FacebookTokenStrategy;","module.exports = exports['default'];"],"l":{"3":1,"7":5,"9":1,"11":1,"13":1,"15":1,"17":1,"19":2,"21":1,"23":1,"25":1,"49":1,"50":1,"52":1,"53":0,"55":0,"56":0,"57":0,"59":0,"60":0,"62":0,"64":0,"65":0,"66":0,"67":0,"68":0,"69":0,"70":0,"71":0,"72":0,"73":0,"74":0,"75":0,"85":1,"88":0,"90":0,"91":0,"93":0,"95":0,"96":0,"98":0,"99":0,"100":0,"102":0,"105":0,"106":0,"108":0,"136":0,"138":0,"141":0,"142":0,"143":0,"147":0,"148":0,"149":0,"152":0,"154":0,"155":0,"157":0,"158":0,"161":0,"162":0,"163":0,"164":0,"165":0,"167":0,"187":0,"189":0,"205":0,"206":0,"208":0,"209":0,"210":0,"211":0,"228":0,"240":0,"241":0,"251":0,"252":0,"257":1,"260":1,"261":1}}}